<?xml version="1.0" encoding="UTF-8"?>
<!-- Generated by org.testng.reporters.JUnitReportReporter -->
<testsuite hostname="DESKTOP-5RTH4VH" failures="0" tests="6" name="Runner.TestRunner" time="46.681" errors="0" timestamp="2025-10-31T13:49:19 IST" skipped="0">
  <testcase classname="Runner.TestRunner" name="runScenario" time="9.372"/>
  <testcase classname="Runner.TestRunner" name="runScenario" time="10.718"/>
  <testcase classname="Runner.TestRunner" name="runScenario" time="9.702"/>
  <testcase classname="Runner.TestRunner" name="runScenario" time="8.149"/>
  <testcase classname="Runner.TestRunner" name="runScenario" time="8.632"/>
  <testcase classname="Runner.TestRunner" name="runScenario" time="0.108"/>
</testsuite> <!-- Runner.TestRunner -->
