<?xml version="1.0" encoding="UTF-8"?>
<!-- Generated by org.testng.reporters.JUnitReportReporter -->
<testsuite hostname="DESKTOP-5RTH4VH" failures="0" tests="3" name="Runner.TestRunner" time="18.388" errors="0" timestamp="2025-10-27T20:41:53 IST" skipped="0">
  <testcase classname="Runner.TestRunner" name="runScenario" time="11.280"/>
  <testcase classname="Runner.TestRunner" name="runScenario" time="3.890"/>
  <testcase classname="Runner.TestRunner" name="runScenario" time="3.218"/>
</testsuite> <!-- Runner.TestRunner -->
