<?xml version="1.0" encoding="UTF-8"?>
<!-- Generated by org.testng.reporters.JUnitReportReporter -->
<testsuite hostname="DESKTOP-5RTH4VH" failures="0" tests="1" name="Runner.TestRunner" time="10.754" errors="0" timestamp="2025-10-30T12:09:53 IST" skipped="0">
  <testcase classname="Runner.TestRunner" name="runScenario" time="10.754"/>
</testsuite> <!-- Runner.TestRunner -->
